
> transcenduck-front@0.0.1 dev
> vite --host


  VITE v6.2.3  ready in 305 ms

  ➜  Local:   http://localhost:5173/
  ➜  Network: http://192.168.1.59:5173/
  ➜  press h + enter to show help

> transcenduck-front@0.0.1 dev
> vite --host


  VITE v6.2.3  ready in 256 ms

  ➜  Local:   http://localhost:5173/
  ➜  Network: http://192.168.1.59:5173/
  ➜  press h + enter to show help

> transcenduck-front@0.0.1 dev
> vite --host


  VITE v6.2.3  ready in 257 ms

  ➜  Local:   http://localhost:5173/
  ➜  Network: http://192.168.1.59:5173/
  ➜  press h + enter to show help

> transcenduck-front@0.0.1 dev
> vite --host


  VITE v6.2.3  ready in 257 ms

  ➜  Local:   http://localhost:5173/
  ➜  Network: http://192.168.1.59:5173/
  ➜  press h + enter to show help

> transcenduck-front@0.0.1 dev
> vite --host


  VITE v6.2.3  ready in 253 ms

  ➜  Local:   http://localhost:5173/
  ➜  Network: http://192.168.1.59:5173/
  ➜  press h + enter to show help

> transcenduck-front@0.0.1 dev
> vite --host


  VITE v6.2.3  ready in 262 ms

  ➜  Local:   http://localhost:5173/
  ➜  Network: http://192.168.1.59:5173/
  ➜  press h + enter to show help

> transcenduck-front@0.0.1 dev
> vite --host


  VITE v6.2.3  ready in 271 ms

  ➜  Local:   http://localhost:5173/
  ➜  Network: http://192.168.1.59:5173/
  ➜  press h + enter to show help

> transcenduck-front@0.0.1 dev
> vite --host


  VITE v6.2.3  ready in 261 ms

  ➜  Local:   http://localhost:5173/
  ➜  Network: http://192.168.1.59:5173/
  ➜  press h + enter to show help

> transcenduck-front@0.0.1 dev
> vite --host


  VITE v6.2.3  ready in 263 ms

  ➜  Local:   http://localhost:5173/
  ➜  Network: http://192.168.1.59:5173/
  ➜  press h + enter to show help

> transcenduck-front@0.0.1 dev
> vite --host


  VITE v6.2.3  ready in 264 ms

  ➜  Local:   http://localhost:5173/
  ➜  Network: http://192.168.1.59:5173/
  ➜  press h + enter to show help

> transcenduck-front@0.0.1 dev
> vite --host


  VITE v6.2.3  ready in 271 ms

  ➜  Local:   http://localhost:5173/
  ➜  Network: http://192.168.1.59:5173/
  ➜  press h + enter to show help

> transcenduck-front@0.0.1 dev
> vite --host


  VITE v6.2.3  ready in 269 ms

  ➜  Local:   http://localhost:5173/
  ➜  Network: http://192.168.1.59:5173/
  ➜  press h + enter to show help

> transcenduck-front@0.0.1 dev
> vite --host


  VITE v6.2.3  ready in 294 ms

  ➜  Local:   http://localhost:5173/
  ➜  Network: http://192.168.1.59:5173/
  ➜  press h + enter to show help

> transcenduck-front@0.0.1 dev
> vite --host


  VITE v6.2.3  ready in 288 ms

  ➜  Local:   http://localhost:5173/
  ➜  Network: http://192.168.1.59:5173/
  ➜  press h + enter to show help

> transcenduck-front@0.0.1 dev
> vite --host


  VITE v6.2.3  ready in 286 ms

  ➜  Local:   http://localhost:5173/
  ➜  Network: http://192.168.1.59:5173/
  ➜  press h + enter to show help

> transcenduck-front@0.0.1 dev
> vite --host


  VITE v6.2.3  ready in 260 ms

  ➜  Local:   http://localhost:5173/
  ➜  Network: http://192.168.1.59:5173/
  ➜  press h + enter to show help

> transcenduck-front@0.0.1 dev
> vite --host


  VITE v6.2.3  ready in 276 ms

  ➜  Local:   http://localhost:5173/
  ➜  Network: http://192.168.1.59:5173/
  ➜  press h + enter to show help

> transcenduck-front@0.0.1 dev
> vite --host


  VITE v6.2.3  ready in 265 ms

  ➜  Local:   http://localhost:5173/
  ➜  Network: http://192.168.1.59:5173/
  ➜  press h + enter to show help

> transcenduck-front@0.0.1 dev
> vite --host


  VITE v6.2.3  ready in 273 ms

  ➜  Local:   http://localhost:5173/
  ➜  Network: http://192.168.1.59:5173/
  ➜  press h + enter to show help

> transcenduck-front@0.0.1 dev
> vite --host


  VITE v6.2.3  ready in 277 ms

  ➜  Local:   http://localhost:5173/
  ➜  Network: http://192.168.1.59:5173/
  ➜  press h + enter to show help

> transcenduck-front@0.0.1 dev
> vite --host


  VITE v6.2.3  ready in 270 ms

  ➜  Local:   http://localhost:5173/
  ➜  Network: http://192.168.1.59:5173/
  ➜  press h + enter to show help

> transcenduck-front@0.0.1 dev
> vite --host


  VITE v6.2.3  ready in 267 ms

  ➜  Local:   http://localhost:5173/
  ➜  Network: http://192.168.1.59:5173/
  ➜  press h + enter to show help

> transcenduck-front@0.0.1 dev
> vite --host


  VITE v6.2.3  ready in 269 ms

  ➜  Local:   http://localhost:5173/
  ➜  Network: http://192.168.1.59:5173/
  ➜  press h + enter to show help

> transcenduck-front@0.0.1 dev
> vite --host


  VITE v6.2.3  ready in 283 ms

  ➜  Local:   http://localhost:5173/
  ➜  Network: http://192.168.1.59:5173/
  ➜  press h + enter to show help

> transcenduck-front@0.0.1 dev
> vite --host


  VITE v6.2.3  ready in 730 ms

  ➜  Local:   http://localhost:5173/
  ➜  Network: http://10.25.106.4:5173/
  ➜  press h + enter to show help

> transcenduck-front@0.0.1 dev
> vite --host


  VITE v6.2.3  ready in 803 ms

  ➜  Local:   http://localhost:5173/
  ➜  Network: http://10.25.106.4:5173/
  ➜  press h + enter to show help

> transcenduck-front@0.0.1 dev
> vite --host


  VITE v6.2.3  ready in 653 ms

  ➜  Local:   http://localhost:5173/
  ➜  Network: http://10.25.106.4:5173/
  ➜  press h + enter to show help

> transcenduck-front@0.0.1 dev
> vite --host


  VITE v6.2.3  ready in 871 ms

  ➜  Local:   http://localhost:5173/
  ➜  Network: http://10.25.106.4:5173/
  ➜  press h + enter to show help

> transcenduck-front@0.0.1 dev
> vite --host

Port 5173 is in use, trying another one...

  VITE v6.2.3  ready in 748 ms

  ➜  Local:   http://localhost:5174/
  ➜  Network: http://10.25.106.4:5174/
  ➜  press h + enter to show help

> transcenduck-front@0.0.1 dev
> vite --host

Port 5173 is in use, trying another one...

  VITE v6.2.3  ready in 649 ms

  ➜  Local:   http://localhost:5174/
  ➜  Network: http://10.25.106.4:5174/
  ➜  press h + enter to show help

> transcenduck-front@0.0.1 dev
> vite --host


  VITE v6.2.3  ready in 591 ms

  ➜  Local:   http://localhost:5173/
  ➜  Network: http://10.25.106.4:5173/
  ➜  press h + enter to show help

> transcenduck-front@0.0.1 dev
> vite --host


  VITE v6.2.3  ready in 678 ms

  ➜  Local:   http://localhost:5173/
  ➜  Network: http://10.25.106.4:5173/
  ➜  press h + enter to show help

> transcenduck-front@0.0.1 dev
> vite --host


  VITE v6.2.3  ready in 700 ms

  ➜  Local:   http://localhost:5173/
  ➜  Network: http://10.25.106.4:5173/
  ➜  press h + enter to show help

> transcenduck-front@0.0.1 dev
> vite --host


  VITE v6.2.3  ready in 644 ms

  ➜  Local:   http://localhost:5173/
  ➜  Network: http://10.25.106.4:5173/
  ➜  press h + enter to show help

> transcenduck-front@0.0.1 dev
> vite --host


  VITE v6.2.3  ready in 601 ms

  ➜  Local:   http://localhost:5173/
  ➜  Network: http://10.25.106.4:5173/
  ➜  press h + enter to show help

> transcenduck-front@0.0.1 dev
> vite --host


  VITE v6.2.3  ready in 610 ms

  ➜  Local:   http://localhost:5173/
  ➜  Network: http://10.25.106.4:5173/
  ➜  press h + enter to show help

> transcenduck-front@0.0.1 dev
> vite --host


  VITE v6.2.3  ready in 864 ms

  ➜  Local:   http://localhost:5173/
  ➜  Network: http://10.25.106.4:5173/
  ➜  press h + enter to show help

> transcenduck-front@0.0.1 dev
> vite --host


  VITE v6.2.3  ready in 343 ms

  ➜  Local:   http://localhost:5173/
  ➜  Network: http://192.168.1.59:5173/
  ➜  press h + enter to show help

> transcenduck-front@0.0.1 dev
> vite --host


  VITE v6.2.3  ready in 369 ms

  ➜  Local:   http://localhost:5173/
  ➜  Network: http://192.168.1.59:5173/
  ➜  press h + enter to show help

> transcenduck-front@0.0.1 dev
> vite --host


  VITE v6.2.3  ready in 281 ms

  ➜  Local:   http://localhost:5173/
  ➜  Network: http://192.168.1.59:5173/
  ➜  press h + enter to show help

> transcenduck-front@0.0.1 dev
> vite --host


  VITE v6.2.3  ready in 281 ms

  ➜  Local:   http://localhost:5173/
  ➜  Network: http://192.168.1.59:5173/
  ➜  press h + enter to show help

> transcenduck-front@0.0.1 dev
> vite --host


  VITE v6.2.3  ready in 279 ms

  ➜  Local:   http://localhost:5173/
  ➜  Network: http://192.168.1.59:5173/
  ➜  press h + enter to show help

> transcenduck-front@0.0.1 dev
> vite --host


  VITE v6.2.3  ready in 281 ms

  ➜  Local:   http://localhost:5173/
  ➜  Network: http://192.168.1.59:5173/
  ➜  press h + enter to show help

> transcenduck-front@0.0.1 dev
> vite --host


  VITE v6.2.3  ready in 280 ms

  ➜  Local:   http://localhost:5173/
  ➜  Network: http://192.168.1.59:5173/
  ➜  press h + enter to show help

> transcenduck-front@0.0.1 dev
> vite --host


  VITE v6.2.3  ready in 271 ms

  ➜  Local:   http://localhost:5173/
  ➜  Network: http://192.168.1.59:5173/
  ➜  press h + enter to show help

> transcenduck-front@0.0.1 dev
> vite --host


  VITE v6.2.3  ready in 372 ms

  ➜  Local:   http://localhost:5173/
  ➜  Network: http://192.168.56.1:5173/
  ➜  Network: http://26.235.30.113:5173/
  ➜  Network: http://172.25.128.1:5173/
  ➜  Network: http://192.168.1.21:5173/
  ➜  press h + enter to show help

> transcenduck-front@0.0.1 dev
> vite --host


  VITE v6.2.3  ready in 398 ms

  ➜  Local:   http://localhost:5173/
  ➜  Network: http://192.168.56.1:5173/
  ➜  Network: http://26.235.30.113:5173/
  ➜  Network: http://172.25.128.1:5173/
  ➜  Network: http://192.168.1.21:5173/
  ➜  press h + enter to show help
3:13:48 PM [vite] (client) hmr update /src/css/style.css?direct
3:13:49 PM [vite] (client) hmr update /src/css/style.css?direct
3:14:29 PM [vite] (client) hmr update /src/css/style.css?direct
3:14:43 PM [vite] (client) hmr update /src/css/style.css?direct
3:14:50 PM [vite] (client) hmr update /src/css/style.css?direct
3:14:51 PM [vite] (client) hmr update /src/css/style.css?direct
3:14:54 PM [vite] (client) hmr update /src/css/style.css?direct
3:15:16 PM [vite] (client) hmr update /src/css/style.css?direct
3:16:41 PM [vite] (client) hmr update /src/css/style.css?direct
3:17:34 PM [vite] (client) hmr update /src/css/style.css?direct
3:17:37 PM [vite] (client) hmr update /src/css/style.css?direct
3:18:58 PM [vite] (client) hmr update /src/css/style.css?direct
3:19:02 PM [vite] (client) hmr update /src/css/style.css?direct
3:19:03 PM [vite] (client) hmr update /src/css/style.css?direct
3:19:07 PM [vite] (client) hmr update /src/css/style.css?direct
3:19:08 PM [vite] (client) hmr update /src/css/style.css?direct
3:20:00 PM [vite] (client) hmr update /src/css/style.css?direct
3:20:28 PM [vite] (client) hmr update /src/css/style.css?direct
3:20:29 PM [vite] (client) hmr update /src/css/style.css?direct
3:21:42 PM [vite] (client) hmr update /src/css/style.css?direct
3:23:26 PM [vite] (client) hmr update /src/css/style.css?direct

> transcenduck-front@0.0.1 dev
> vite --host


  VITE v6.2.3  ready in 382 ms

  ➜  Local:   http://localhost:5173/
  ➜  Network: http://192.168.56.1:5173/
  ➜  Network: http://26.235.30.113:5173/
  ➜  Network: http://172.25.128.1:5173/
  ➜  Network: http://192.168.1.21:5173/
  ➜  press h + enter to show help
3:26:49 PM [vite] (client) hmr update /src/css/style.css?direct
3:26:51 PM [vite] (client) hmr update /src/css/style.css?direct
3:27:43 PM [vite] (client) hmr update /src/css/style.css?direct
3:27:44 PM [vite] (client) hmr update /src/css/style.css?direct
3:28:20 PM [vite] (client) hmr update /src/css/style.css?direct
3:28:21 PM [vite] (client) hmr update /src/css/style.css?direct
3:28:26 PM [vite] (client) hmr update /src/css/style.css?direct
3:28:30 PM [vite] (client) hmr update /src/css/style.css?direct
3:28:39 PM [vite] (client) hmr update /src/css/style.css?direct
3:28:56 PM [vite] (client) hmr update /src/css/style.css?direct
3:30:01 PM [vite] (client) hmr update /src/css/style.css?direct
3:30:03 PM [vite] (client) hmr update /src/css/style.css?direct
3:30:07 PM [vite] (client) hmr update /src/css/style.css?direct
3:30:09 PM [vite] (client) hmr update /src/css/style.css?direct
3:30:41 PM [vite] (client) hmr update /src/css/style.css?direct
3:30:45 PM [vite] (client) hmr update /src/css/style.css?direct
3:31:01 PM [vite] (client) hmr update /src/css/style.css?direct
3:31:06 PM [vite] (client) hmr update /src/css/style.css?direct
3:31:06 PM [vite] (client) hmr update /src/css/style.css?direct
3:31:09 PM [vite] (client) hmr update /src/css/style.css?direct
3:31:31 PM [vite] (client) hmr update /src/css/style.css?direct
3:33:05 PM [vite] (client) hmr update /src/css/style.css?direct
3:33:13 PM [vite] (client) hmr update /src/css/style.css?direct
3:33:15 PM [vite] (client) hmr update /src/css/style.css?direct
3:33:17 PM [vite] (client) hmr update /src/css/style.css?direct
3:33:23 PM [vite] (client) hmr update /src/css/style.css?direct
3:33:25 PM [vite] (client) hmr update /src/css/style.css?direct
3:35:16 PM [vite] (client) hmr update /src/css/style.css?direct
3:35:19 PM [vite] (client) hmr update /src/css/style.css?direct
3:35:22 PM [vite] (client) hmr update /src/css/style.css?direct
3:35:24 PM [vite] (client) hmr update /src/css/style.css?direct
3:35:36 PM [vite] (client) hmr update /src/css/style.css?direct
3:35:39 PM [vite] (client) hmr update /src/css/style.css?direct
3:35:40 PM [vite] (client) hmr update /src/css/style.css?direct
3:35:52 PM [vite] (client) hmr update /src/css/style.css?direct
3:35:58 PM [vite] (client) hmr update /src/css/style.css?direct
3:35:59 PM [vite] (client) hmr update /src/css/style.css?direct
3:36:00 PM [vite] (client) hmr update /src/css/style.css?direct
3:39:32 PM [vite] (client) hmr update /src/css/style.css?direct
3:43:45 PM [vite] (client) hmr update /src/css/style.css?direct
3:48:59 PM [vite] (client) hmr update /src/css/style.css?direct
3:49:43 PM [vite] (client) hmr update /src/css/style.css?direct
3:49:45 PM [vite] (client) hmr update /src/css/style.css?direct
3:49:47 PM [vite] (client) hmr update /src/css/style.css?direct
3:49:48 PM [vite] (client) hmr update /src/css/style.css?direct
3:49:50 PM [vite] (client) hmr update /src/css/style.css?direct
3:51:20 PM [vite] (client) hmr update /src/css/style.css?direct
3:51:22 PM [vite] (client) hmr update /src/css/style.css?direct
3:52:02 PM [vite] (client) hmr update /src/css/style.css?direct
3:52:22 PM [vite] (client) hmr update /src/css/style.css?direct
3:52:25 PM [vite] (client) hmr update /src/css/style.css?direct
3:52:28 PM [vite] (client) hmr update /src/css/style.css?direct
3:52:34 PM [vite] (client) hmr update /src/css/style.css?direct
3:53:09 PM [vite] (client) hmr update /src/css/style.css?direct
3:53:12 PM [vite] (client) hmr update /src/css/style.css?direct
3:53:14 PM [vite] (client) hmr update /src/css/style.css?direct
3:53:16 PM [vite] (client) hmr update /src/css/style.css?direct
3:53:18 PM [vite] (client) hmr update /src/css/style.css?direct
3:53:21 PM [vite] (client) hmr update /src/css/style.css?direct
3:53:23 PM [vite] (client) hmr update /src/css/style.css?direct
3:53:25 PM [vite] (client) hmr update /src/css/style.css?direct
3:53:48 PM [vite] (client) hmr update /src/css/style.css?direct
3:53:51 PM [vite] (client) hmr update /src/css/style.css?direct
3:56:33 PM [vite] (client) hmr update /src/css/style.css?direct
3:56:34 PM [vite] (client) hmr update /src/css/style.css?direct
3:56:56 PM [vite] (client) hmr update /src/css/style.css?direct
3:56:58 PM [vite] (client) hmr update /src/css/style.css?direct
3:57:14 PM [vite] (client) hmr update /src/css/style.css?direct
3:57:20 PM [vite] (client) hmr update /src/css/style.css?direct
3:57:21 PM [vite] (client) hmr update /src/css/style.css?direct
3:58:04 PM [vite] (client) hmr update /src/css/style.css?direct
3:58:10 PM [vite] (client) hmr update /src/css/style.css?direct
3:59:11 PM [vite] (client) hmr update /src/css/style.css?direct
3:59:13 PM [vite] (client) hmr update /src/css/style.css?direct
3:59:15 PM [vite] (client) hmr update /src/css/style.css?direct
4:04:15 PM [vite] (client) hmr update /src/css/style.css?direct
4:07:55 PM [vite] (client) hmr update /src/css/style.css?direct
4:07:56 PM [vite] (client) hmr update /src/css/style.css?direct
4:11:50 PM [vite] (client) hmr update /src/css/style.css?direct
4:12:04 PM [vite] (client) hmr update /src/css/style.css?direct
4:12:09 PM [vite] (client) hmr update /src/css/style.css?direct
4:17:44 PM [vite] (client) hmr update /src/css/style.css?direct
4:17:45 PM [vite] (client) hmr update /src/css/style.css?direct
4:17:53 PM [vite] (client) hmr update /src/css/style.css?direct
4:17:55 PM [vite] (client) hmr update /src/css/style.css?direct
4:18:03 PM [vite] (client) hmr update /src/css/style.css?direct
4:18:09 PM [vite] (client) hmr update /src/css/style.css?direct
4:18:28 PM [vite] (client) hmr update /src/css/style.css?direct
4:19:15 PM [vite] (client) hmr update /src/css/style.css?direct
4:20:37 PM [vite] (client) hmr update /src/css/style.css?direct
4:21:02 PM [vite] (client) hmr update /src/css/style.css?direct
4:24:24 PM [vite] (client) hmr update /src/css/style.css?direct
4:24:24 PM [vite] (client) hmr update /src/css/style.css?direct
4:39:55 PM [vite] (client) hmr update /src/css/style.css?direct

> transcenduck-front@0.0.1 dev
> vite --host


  VITE v6.2.3  ready in 407 ms

  ➜  Local:   http://localhost:5173/
  ➜  Network: http://192.168.56.1:5173/
  ➜  Network: http://26.235.30.113:5173/
  ➜  Network: http://172.25.128.1:5173/
  ➜  Network: http://192.168.1.21:5173/
  ➜  press h + enter to show help
4:47:33 PM [vite] (client) hmr update /src/css/style.css?direct
4:47:36 PM [vite] (client) hmr update /src/css/style.css?direct
4:47:38 PM [vite] (client) hmr update /src/css/style.css?direct
4:47:51 PM [vite] (client) hmr update /src/css/style.css?direct
4:47:55 PM [vite] (client) hmr update /src/css/style.css?direct
4:48:42 PM [vite] (client) hmr update /src/css/style.css?direct
4:54:15 PM [vite] (client) hmr update /src/css/style.css?direct
4:54:18 PM [vite] (client) hmr update /src/css/style.css?direct
4:54:22 PM [vite] (client) hmr update /src/css/style.css?direct
4:54:37 PM [vite] (client) hmr update /src/css/style.css?direct
4:54:42 PM [vite] (client) hmr update /src/css/style.css?direct
5:04:35 PM [vite] (client) hmr update /src/css/style.css?direct
5:04:40 PM [vite] (client) hmr update /src/css/style.css?direct
5:04:44 PM [vite] (client) hmr update /src/css/style.css?direct
5:04:45 PM [vite] (client) hmr update /src/css/style.css?direct
5:04:50 PM [vite] (client) hmr update /src/css/style.css?direct
5:04:57 PM [vite] (client) hmr update /src/css/style.css?direct
5:04:58 PM [vite] (client) hmr update /src/css/style.css?direct
5:05:04 PM [vite] (client) hmr update /src/css/style.css?direct
5:05:06 PM [vite] (client) hmr update /src/css/style.css?direct
5:05:07 PM [vite] (client) hmr update /src/css/style.css?direct
5:05:08 PM [vite] (client) hmr update /src/css/style.css?direct
5:05:11 PM [vite] (client) hmr update /src/css/style.css?direct
5:05:13 PM [vite] (client) hmr update /src/css/style.css?direct
5:05:15 PM [vite] (client) hmr update /src/css/style.css?direct
5:05:21 PM [vite] (client) hmr update /src/css/style.css?direct
5:05:22 PM [vite] (client) hmr update /src/css/style.css?direct
5:05:33 PM [vite] (client) hmr update /src/css/style.css?direct
5:05:33 PM [vite] (client) hmr update /src/css/style.css?direct
5:05:35 PM [vite] (client) hmr update /src/css/style.css?direct
5:05:41 PM [vite] (client) hmr update /src/css/style.css?direct
5:06:10 PM [vite] (client) hmr update /src/css/style.css?direct
5:06:13 PM [vite] (client) hmr update /src/css/style.css?direct
5:06:18 PM [vite] (client) hmr update /src/css/style.css?direct
5:06:21 PM [vite] (client) hmr update /src/css/style.css?direct
5:07:21 PM [vite] (client) hmr update /src/css/style.css?direct
5:07:22 PM [vite] (client) hmr update /src/css/style.css?direct
5:08:19 PM [vite] (client) hmr update /src/css/style.css?direct
5:09:01 PM [vite] (client) hmr update /src/css/style.css?direct
5:09:51 PM [vite] (client) hmr update /src/css/style.css?direct
5:09:57 PM [vite] (client) hmr update /src/css/style.css?direct
5:12:29 PM [vite] (client) hmr update /src/css/style.css?direct
5:12:51 PM [vite] (client) hmr update /src/css/style.css?direct
5:12:54 PM [vite] (client) hmr update /src/css/style.css?direct
5:13:28 PM [vite] (client) hmr update /src/css/style.css?direct
5:13:29 PM [vite] (client) hmr update /src/css/style.css?direct
5:13:34 PM [vite] (client) hmr update /src/css/style.css?direct
5:15:32 PM [vite] (client) hmr update /src/css/style.css?direct
5:15:36 PM [vite] (client) hmr update /src/css/style.css?direct
5:15:38 PM [vite] (client) hmr update /src/css/style.css?direct
5:15:50 PM [vite] (client) hmr update /src/css/style.css?direct
5:15:53 PM [vite] (client) hmr update /src/css/style.css?direct
5:16:02 PM [vite] (client) hmr update /src/css/style.css?direct
5:16:09 PM [vite] (client) hmr update /src/css/style.css?direct
5:16:34 PM [vite] (client) hmr update /src/css/style.css?direct
5:16:41 PM [vite] (client) hmr update /src/css/style.css?direct
5:16:47 PM [vite] (client) hmr update /src/css/style.css?direct
5:17:29 PM [vite] (client) hmr update /src/css/style.css?direct
5:17:43 PM [vite] (client) hmr update /src/css/style.css?direct
5:17:44 PM [vite] (client) hmr update /src/css/style.css?direct
5:17:48 PM [vite] (client) hmr update /src/css/style.css?direct
5:18:27 PM [vite] (client) hmr update /src/css/style.css?direct
5:18:33 PM [vite] (client) ✨ new dependencies optimized: sweetalert2
5:23:37 PM [vite] (client) page reload public/languages/en.json
5:23:38 PM [vite] (client) page reload public/languages/en.json
5:23:39 PM [vite] (client) page reload public/languages/en.json
5:23:41 PM [vite] (client) page reload public/languages/en.json
5:23:50 PM [vite] (client) page reload public/languages/es.json
5:23:51 PM [vite] (client) page reload public/languages/es.json
5:23:57 PM [vite] (client) page reload public/languages/fr.json
5:23:59 PM [vite] (client) page reload public/languages/fr.json
5:24:00 PM [vite] (client) page reload public/languages/fr.json
5:25:01 PM [vite] (client) page reload src/components/ui/alertError.ts
5:25:02 PM [vite] (client) page reload src/components/ui/alertError.ts
5:25:10 PM [vite] (client) hmr update /src/css/style.css?direct
5:25:15 PM [vite] (client) hmr update /src/css/style.css?direct
5:25:18 PM [vite] (client) hmr update /src/css/style.css?direct
5:25:23 PM [vite] (client) hmr update /src/css/style.css?direct
5:25:30 PM [vite] (client) hmr update /src/css/style.css?direct
5:25:33 PM [vite] (client) hmr update /src/css/style.css?direct
5:25:39 PM [vite] (client) page reload public/languages/fr.json
5:25:43 PM [vite] (client) page reload public/languages/es.json
5:25:47 PM [vite] (client) page reload public/languages/en.json
5:25:50 PM [vite] (client) hmr update /src/css/style.css?direct
5:25:52 PM [vite] (client) hmr update /src/css/style.css?direct
5:25:54 PM [vite] (client) hmr update /src/css/style.css?direct
5:29:43 PM [vite] (client) hmr update /src/css/style.css?direct
5:29:45 PM [vite] (client) hmr update /src/css/style.css?direct
5:29:48 PM [vite] (client) hmr update /src/css/style.css?direct
5:29:49 PM [vite] (client) hmr update /src/css/style.css?direct
5:30:00 PM [vite] (client) hmr update /src/css/style.css?direct
5:30:02 PM [vite] (client) hmr update /src/css/style.css?direct
5:30:10 PM [vite] (client) hmr update /src/css/style.css?direct
5:30:12 PM [vite] (client) hmr update /src/css/style.css?direct
5:30:19 PM [vite] (client) hmr update /src/css/style.css?direct
5:30:21 PM [vite] (client) hmr update /src/css/style.css?direct
5:30:22 PM [vite] (client) hmr update /src/css/style.css?direct
5:30:44 PM [vite] (client) hmr update /src/css/style.css?direct
5:30:58 PM [vite] (client) hmr update /src/css/style.css?direct
5:30:59 PM [vite] (client) hmr update /src/css/style.css?direct
5:31:13 PM [vite] (client) hmr update /src/css/style.css?direct
5:31:17 PM [vite] (client) hmr update /src/css/style.css?direct
5:31:24 PM [vite] (client) hmr update /src/css/style.css?direct
5:31:26 PM [vite] (client) hmr update /src/css/style.css?direct
5:31:32 PM [vite] (client) hmr update /src/css/style.css?direct
5:31:35 PM [vite] (client) hmr update /src/css/style.css?direct
5:31:37 PM [vite] (client) hmr update /src/css/style.css?direct
5:31:39 PM [vite] (client) hmr update /src/css/style.css?direct
5:31:40 PM [vite] (client) hmr update /src/css/style.css?direct
5:31:51 PM [vite] (client) hmr update /src/css/style.css?direct
5:32:07 PM [vite] (client) hmr update /src/css/style.css?direct
5:32:16 PM [vite] (client) hmr update /src/css/style.css?direct
5:32:21 PM [vite] (client) hmr update /src/css/style.css?direct
5:32:27 PM [vite] (client) hmr update /src/css/style.css?direct
5:33:02 PM [vite] (client) hmr update /src/css/style.css?direct
5:33:27 PM [vite] (client) hmr update /src/css/style.css?direct
5:33:36 PM [vite] (client) hmr update /src/css/style.css?direct
5:33:37 PM [vite] (client) hmr update /src/css/style.css?direct
5:34:08 PM [vite] (client) hmr update /src/css/style.css?direct
5:34:10 PM [vite] (client) hmr update /src/css/style.css?direct
5:34:13 PM [vite] (client) hmr update /src/css/style.css?direct
5:34:13 PM [vite] (client) hmr update /src/css/style.css?direct
5:35:00 PM [vite] (client) hmr update /src/css/style.css?direct
5:35:04 PM [vite] (client) hmr update /src/css/style.css?direct
5:35:13 PM [vite] (client) hmr update /src/css/style.css?direct
5:35:15 PM [vite] (client) hmr update /src/css/style.css?direct
5:35:18 PM [vite] (client) hmr update /src/css/style.css?direct
5:35:25 PM [vite] (client) hmr update /src/css/style.css?direct
5:36:41 PM [vite] (client) hmr update /src/css/style.css?direct
5:36:43 PM [vite] (client) hmr update /src/css/style.css?direct
5:36:55 PM [vite] (client) hmr update /src/css/style.css?direct
5:37:55 PM [vite] (client) hmr update /src/css/style.css?direct
5:37:57 PM [vite] (client) hmr update /src/css/style.css?direct
5:37:59 PM [vite] (client) hmr update /src/css/style.css?direct
5:38:10 PM [vite] (client) hmr update /src/css/style.css?direct
5:38:14 PM [vite] (client) hmr update /src/css/style.css?direct
5:38:15 PM [vite] (client) hmr update /src/css/style.css?direct
5:38:17 PM [vite] (client) hmr update /src/css/style.css?direct
5:38:19 PM [vite] (client) hmr update /src/css/style.css?direct
5:38:24 PM [vite] (client) hmr update /src/css/style.css?direct
5:38:27 PM [vite] (client) hmr update /src/css/style.css?direct
5:38:27 PM [vite] (client) hmr update /src/css/style.css?direct
5:38:29 PM [vite] (client) hmr update /src/css/style.css?direct
5:38:32 PM [vite] (client) hmr update /src/css/style.css?direct
5:38:33 PM [vite] (client) hmr update /src/css/style.css?direct
5:38:35 PM [vite] (client) hmr update /src/css/style.css?direct
5:38:57 PM [vite] (client) hmr update /src/css/style.css?direct
5:39:00 PM [vite] (client) hmr update /src/css/style.css?direct
5:39:33 PM [vite] (client) hmr update /src/css/style.css?direct
5:39:37 PM [vite] (client) hmr update /src/css/style.css?direct
5:39:54 PM [vite] (client) hmr update /src/css/style.css?direct
5:40:32 PM [vite] (client) hmr update /src/css/style.css?direct
5:40:35 PM [vite] (client) hmr update /src/css/style.css?direct
5:40:41 PM [vite] (client) hmr update /src/css/style.css?direct
5:40:44 PM [vite] (client) hmr update /src/css/style.css?direct
5:40:52 PM [vite] (client) hmr update /src/css/style.css?direct
5:42:42 PM [vite] (client) hmr update /src/css/style.css?direct
5:42:44 PM [vite] (client) hmr update /src/css/style.css?direct
5:42:48 PM [vite] (client) hmr update /src/css/style.css?direct
5:42:51 PM [vite] (client) hmr update /src/css/style.css?direct
5:43:20 PM [vite] (client) hmr update /src/css/style.css?direct
5:43:26 PM [vite] (client) hmr update /src/css/style.css?direct
5:43:29 PM [vite] (client) hmr update /src/css/style.css?direct
5:46:24 PM [vite] (client) Pre-transform error: Transform failed with 1 error:
/home/anthony/Documents/42/Transcendence_git/frontend/dev/src/events/userSession/userRegister.ts:41:7: ERROR: Expected ";" but found "response"
  Plugin: vite:esbuild
  File: /home/anthony/Documents/42/Transcendence_git/frontend/dev/src/events/userSession/userRegister.ts:41:7
  
  Expected ";" but found "response"
  39 |  	const token = localStorage.getItem('token');
  40 |  	const userId = token.
  41 |  	const response = await fetchApi<User>(API_ROUTES.USERS.DECODE, {
     |         ^
  42 |  																	method: "GET",
  43 |  																	headers: { "Authorization": `Bearer ${token}`}});
  
5:46:24 PM [vite] Internal server error: Transform failed with 1 error:
/home/anthony/Documents/42/Transcendence_git/frontend/dev/src/events/userSession/userRegister.ts:41:7: ERROR: Expected ";" but found "response"
  Plugin: vite:esbuild
  File: /home/anthony/Documents/42/Transcendence_git/frontend/dev/src/events/userSession/userRegister.ts:41:7
  
  Expected ";" but found "response"
  39 |  	const token = localStorage.getItem('token');
  40 |  	const userId = token.
  41 |  	const response = await fetchApi<User>(API_ROUTES.USERS.DECODE, {
     |         ^
  42 |  																	method: "GET",
  43 |  																	headers: { "Authorization": `Bearer ${token}`}});
  
      at failureErrorWithLog (/home/anthony/Documents/42/Transcendence_git/frontend/dev/node_modules/esbuild/lib/main.js:1477:15)
      at /home/anthony/Documents/42/Transcendence_git/frontend/dev/node_modules/esbuild/lib/main.js:756:50
      at responseCallbacks.<computed> (/home/anthony/Documents/42/Transcendence_git/frontend/dev/node_modules/esbuild/lib/main.js:623:9)
      at handleIncomingPacket (/home/anthony/Documents/42/Transcendence_git/frontend/dev/node_modules/esbuild/lib/main.js:678:12)
      at Socket.readFromStdout (/home/anthony/Documents/42/Transcendence_git/frontend/dev/node_modules/esbuild/lib/main.js:601:7)
      at Socket.emit (node:events:518:28)
      at addChunk (node:internal/streams/readable:561:12)
      at readableAddChunkPushByteMode (node:internal/streams/readable:512:3)
      at Readable.push (node:internal/streams/readable:392:5)
      at Pipe.onStreamRead (node:internal/stream_base_commons:189:23)
5:46:31 PM [vite] (client) hmr update /src/css/style.css?direct
/home/anthony/.nvm/versions/node/v23.10.0/bin/node: 1: Syntax error: ")" unexpected

> transcenduck-front@0.0.1 dev
> vite --host


  VITE v6.2.3  ready in 2062 ms

  ➜  Local:   http://localhost:5173/
  ➜  Network: http://192.168.56.1:5173/
  ➜  Network: http://26.235.30.113:5173/
  ➜  Network: http://172.26.32.1:5173/
  ➜  Network: http://192.168.1.21:5173/
  ➜  press h + enter to show help
5:55:27 PM [vite] (client) hmr update /src/css/style.css?direct
5:56:04 PM [vite] (client) hmr update /src/css/style.css?direct
5:56:05 PM [vite] (client) hmr update /src/css/style.css?direct
5:56:07 PM [vite] (client) hmr update /src/css/style.css?direct
5:56:17 PM [vite] (client) hmr update /src/css/style.css?direct
5:56:19 PM [vite] (client) hmr update /src/css/style.css?direct
5:56:22 PM [vite] (client) hmr update /src/css/style.css?direct
5:56:23 PM [vite] (client) hmr update /src/css/style.css?direct
5:56:27 PM [vite] (client) hmr update /src/css/style.css?direct
5:56:32 PM [vite] (client) hmr update /src/css/style.css?direct
5:56:50 PM [vite] (client) hmr update /src/css/style.css?direct
5:56:57 PM [vite] (client) hmr update /src/css/style.css?direct
5:56:58 PM [vite] (client) hmr update /src/css/style.css?direct
5:57:03 PM [vite] (client) hmr update /src/css/style.css?direct
5:57:06 PM [vite] (client) hmr update /src/css/style.css?direct
5:57:07 PM [vite] (client) hmr update /src/css/style.css?direct
5:57:10 PM [vite] (client) hmr update /src/css/style.css?direct
5:57:58 PM [vite] (client) hmr update /src/css/style.css?direct
5:58:00 PM [vite] (client) hmr update /src/css/style.css?direct
5:58:01 PM [vite] (client) hmr update /src/css/style.css?direct
5:58:09 PM [vite] (client) hmr update /src/css/style.css?direct
5:58:11 PM [vite] (client) hmr update /src/css/style.css?direct
5:59:04 PM [vite] (client) hmr update /src/css/style.css?direct
5:59:05 PM [vite] (client) hmr update /src/css/style.css?direct
5:59:07 PM [vite] (client) hmr update /src/css/style.css?direct
5:59:09 PM [vite] (client) hmr update /src/css/style.css?direct
5:59:13 PM [vite] (client) hmr update /src/css/style.css?direct
5:59:20 PM [vite] (client) hmr update /src/css/style.css?direct
5:59:21 PM [vite] (client) hmr update /src/css/style.css?direct
5:59:23 PM [vite] (client) hmr update /src/css/style.css?direct
5:59:30 PM [vite] (client) page reload public/languages/en.json
5:59:32 PM [vite] (client) page reload public/languages/en.json
5:59:34 PM [vite] (client) page reload public/languages/en.json
5:59:36 PM [vite] (client) page reload public/languages/en.json
5:59:37 PM [vite] (client) page reload public/languages/en.json
5:59:42 PM [vite] (client) page reload public/languages/en.json
5:59:45 PM [vite] (client) page reload public/languages/en.json
5:59:50 PM [vite] (client) page reload public/languages/es.json
5:59:52 PM [vite] (client) page reload public/languages/es.json
6:00:01 PM [vite] (client) page reload public/languages/fr.json
6:00:02 PM [vite] (client) page reload public/languages/fr.json
6:00:33 PM [vite] (client) hmr update /src/css/style.css?direct
6:00:42 PM [vite] (client) page reload public/languages/en.json
6:00:45 PM [vite] (client) page reload public/languages/en.json
6:00:51 PM [vite] (client) page reload public/languages/en.json
6:00:53 PM [vite] (client) page reload public/languages/en.json
6:00:56 PM [vite] (client) page reload public/languages/en.json
6:01:01 PM [vite] (client) page reload public/languages/es.json
6:01:07 PM [vite] (client) page reload public/languages/fr.json
6:01:08 PM [vite] (client) page reload public/languages/fr.json
6:01:21 PM [vite] (client) page reload public/languages/es.json
6:02:13 PM [vite] (client) hmr update /src/css/style.css?direct
6:02:13 PM [vite] (client) hmr update /src/css/style.css?direct
6:02:22 PM [vite] (client) hmr update /src/css/style.css?direct
6:02:37 PM [vite] (client) page reload index.html
6:03:35 PM [vite] (client) hmr update /src/css/style.css?direct
6:03:37 PM [vite] (client) hmr update /src/css/style.css?direct
6:04:05 PM [vite] (client) hmr update /src/css/style.css?direct
6:04:10 PM [vite] (client) hmr update /src/css/style.css?direct
6:04:11 PM [vite] (client) hmr update /src/css/style.css?direct
6:04:45 PM [vite] (client) hmr update /src/css/style.css?direct
6:04:45 PM [vite] (client) hmr update /src/css/style.css?direct
6:06:52 PM [vite] (client) hmr update /src/css/style.css?direct
6:06:58 PM [vite] (client) hmr update /src/css/style.css?direct
6:07:05 PM [vite] (client) hmr update /src/css/style.css?direct
6:07:09 PM [vite] (client) hmr update /src/css/style.css?direct
6:07:46 PM [vite] (client) hmr update /src/css/style.css?direct
6:07:47 PM [vite] (client) page reload src/components/ui/loginForm.ts
6:07:49 PM [vite] (client) page reload src/components/ui/loginForm.ts
6:07:54 PM [vite] (client) page reload src/components/ui/loginForm.ts
6:07:55 PM [vite] (client) page reload src/components/ui/loginForm.ts
6:08:08 PM [vite] (client) hmr update /src/css/style.css?direct
6:08:10 PM [vite] (client) hmr update /src/css/style.css?direct
6:08:18 PM [vite] (client) hmr update /src/css/style.css?direct
6:08:20 PM [vite] (client) hmr update /src/css/style.css?direct
6:09:10 PM [vite] (client) hmr update /src/css/style.css?direct
6:09:16 PM [vite] (client) hmr update /src/css/style.css?direct
6:09:18 PM [vite] (client) hmr update /src/css/style.css?direct
6:09:19 PM [vite] (client) hmr update /src/css/style.css?direct
6:09:20 PM [vite] (client) hmr update /src/css/style.css?direct
6:09:46 PM [vite] (client) hmr update /src/css/style.css?direct
6:09:49 PM [vite] (client) page reload src/components/ui/registerLink.ts
6:09:52 PM [vite] (client) page reload src/components/ui/registerLink.ts
6:09:53 PM [vite] (client) page reload src/components/ui/registerLink.ts
6:10:04 PM [vite] (client) hmr update /src/css/style.css?direct
6:10:05 PM [vite] (client) hmr update /src/css/style.css?direct
6:10:07 PM [vite] (client) hmr update /src/css/style.css?direct
6:10:32 PM [vite] (client) hmr update /src/css/style.css?direct
6:10:33 PM [vite] (client) hmr update /src/css/style.css?direct
6:10:38 PM [vite] (client) hmr update /src/css/style.css?direct
6:10:44 PM [vite] (client) hmr update /src/css/style.css?direct
6:10:45 PM [vite] (client) hmr update /src/css/style.css?direct
6:11:12 PM [vite] (client) hmr update /src/css/style.css?direct
6:11:41 PM [vite] (client) hmr update /src/css/style.css?direct
6:11:47 PM [vite] (client) hmr update /src/css/style.css?direct
6:11:48 PM [vite] (client) hmr update /src/css/style.css?direct
6:11:54 PM [vite] (client) hmr update /src/css/style.css?direct
6:11:56 PM [vite] (client) hmr update /src/css/style.css?direct
6:11:57 PM [vite] (client) hmr update /src/css/style.css?direct
6:11:59 PM [vite] (client) hmr update /src/css/style.css?direct
6:12:03 PM [vite] (client) hmr update /src/css/style.css?direct
6:12:13 PM [vite] (client) hmr update /src/css/style.css?direct
6:12:16 PM [vite] (client) hmr update /src/css/style.css?direct
6:12:23 PM [vite] (client) hmr update /src/css/style.css?direct
6:12:36 PM [vite] (client) hmr update /src/css/style.css?direct
6:12:38 PM [vite] (client) hmr update /src/css/style.css?direct
6:12:43 PM [vite] (client) hmr update /src/css/style.css?direct
6:12:50 PM [vite] (client) hmr update /src/css/style.css?direct
6:12:51 PM [vite] (client) hmr update /src/css/style.css?direct
6:15:39 PM [vite] (client) hmr update /src/css/style.css?direct
6:15:41 PM [vite] (client) hmr update /src/css/style.css?direct
6:15:44 PM [vite] (client) page reload src/components/ui/homeButton.ts
6:15:46 PM [vite] (client) hmr update /src/css/style.css?direct
6:15:53 PM [vite] (client) hmr update /src/css/style.css?direct
6:15:54 PM [vite] (client) hmr update /src/css/style.css?direct
6:15:57 PM [vite] (client) hmr update /src/css/style.css?direct
6:15:58 PM [vite] (client) hmr update /src/css/style.css?direct
6:16:31 PM [vite] (client) hmr update /src/css/style.css?direct
6:16:45 PM [vite] (client) hmr update /src/css/style.css?direct
6:16:53 PM [vite] (client) hmr update /src/css/style.css?direct
6:17:03 PM [vite] (client) hmr update /src/css/style.css?direct
6:17:05 PM [vite] (client) hmr update /src/css/style.css?direct
6:17:14 PM [vite] (client) hmr update /src/css/style.css?direct
6:17:27 PM [vite] (client) hmr update /src/css/style.css?direct
6:17:51 PM [vite] (client) hmr update /src/css/style.css?direct
6:31:02 PM [vite] (client) page reload public/languages/fr.json
6:31:04 PM [vite] (client) page reload public/languages/fr.json
6:31:56 PM [vite] (client) page reload index.html
6:31:59 PM [vite] (client) page reload index.html
6:32:01 PM [vite] (client) page reload index.html
6:32:04 PM [vite] (client) page reload index.html
6:32:23 PM [vite] (client) page reload index.html
6:32:28 PM [vite] (client) page reload index.html
6:32:29 PM [vite] (client) page reload index.html
6:32:31 PM [vite] (client) page reload index.html
6:32:34 PM [vite] (client) page reload index.html
6:32:41 PM [vite] (client) page reload index.html
6:32:44 PM [vite] (client) page reload index.html
6:32:49 PM [vite] (client) page reload index.html
6:33:19 PM [vite] (client) page reload index.html

> transcenduck-front@0.0.1 dev
> vite --host


  VITE v6.2.3  ready in 564 ms

  ➜  Local:   http://localhost:5173/
  ➜  Network: http://10.25.106.4:5173/
  ➜  press h + enter to show help
10:41:25 AM [vite] (client) ✨ new dependencies optimized: sweetalert2
